Traceback (most recent call last):
  File "/Users/cuthbert/git/music21base/music21/scale.py", line 3655, in testWeightedHexatonicBluesA
    self.assertEqual(str(sc.next('f#3', 'ascending')) in ['G3', 'F#3'], True)
  File "/Users/cuthbert/git/music21base/music21/scale.py", line 2030, in next
    getNeighbor=getNeighbor
  File "/Users/cuthbert/git/music21base/music21/scale.py", line 540, in nextPitch
    getNeighbor = getNeighbor
  File "/Users/cuthbert/git/music21base/music21/intervalNetwork.py", line 1235, in nextPitch
    p.octave = pitchOrigin.octave
AttributeError: 'NoneType' object has no attribute 'octave'



---------------SUMMARY---------------------------------------------------
Skipped: /Users/cuthbert/git/music21base/music21/webapps/server/zipfileapp.py
Skipped: /Users/cuthbert/git/music21base/music21/webapps/server/wsgiapp.py
Skipped: /Users/cuthbert/git/music21base/music21/webapps/server/visualapp.py
Skipped: /Users/cuthbert/git/music21base/music21/webapps/server/urlqueryapp.py
Skipped: /Users/cuthbert/git/music21base/music21/webapps/server/urlapp.py
Skipped: /Users/cuthbert/git/music21base/music21/webapps/server/unifiedapp.py
Skipped: /Users/cuthbert/git/music21base/music21/webapps/server/jsonapp.py
Skipped: /Users/cuthbert/git/music21base/music21/webapps/server/featureapp.py
Skipped: /Users/cuthbert/git/music21base/music21/webapps/archive/server/mod_wsgi/music21wsgiappArchive.py
Skipped: /Users/cuthbert/git/music21base/music21/webapps/archive/server/mod_python/noteinfo/index.py
Skipped: /Users/cuthbert/git/music21base/music21/webapps/archive/server/mod_python/index.py
Skipped: /Users/cuthbert/git/music21base/music21/webapps/archive/server/mod_python/humdrum/index.py
Skipped: /Users/cuthbert/git/music21base/music21/webapps/archive/server/mod_python/featureextractor/index.py
Skipped: /Users/cuthbert/git/music21base/music21/webapps/archive/server/mod_python/featureextractor/featureinfo.py
Skipped: /Users/cuthbert/git/music21base/music21/vexflow/testShow.py
Skipped: /Users/cuthbert/git/music21base/music21/vexflow/exporter.py
Skipped: /Users/cuthbert/git/music21base/music21/trecento/quodJactatur.py
Skipped: /Users/cuthbert/git/music21base/music21/trecento/find_vatican1790.py
Skipped: /Users/cuthbert/git/music21base/music21/trecento/findSevs.py
Skipped: /Users/cuthbert/git/music21base/music21/trecento/exceldiff.py
Skipped: /Users/cuthbert/git/music21base/music21/trecento/correlations.py
Skipped: /Users/cuthbert/git/music21base/music21/trecento/contenanceAngloise.py
Skipped: /Users/cuthbert/git/music21base/music21/trecento/capuaProbabilities.py
Skipped: /Users/cuthbert/git/music21base/music21/theoryAnalysis/wwnortonMGTA.py
Skipped: /Users/cuthbert/git/music21base/music21/test/treeYield.py
Skipped: /Users/cuthbert/git/music21base/music21/test/toggleDebug.py
Skipped: /Users/cuthbert/git/music21base/music21/test/timeGraphs.py
Skipped: /Users/cuthbert/git/music21base/music21/test/testSingleCoreAll.py
Skipped: /Users/cuthbert/git/music21base/music21/test/testPerformance.py
Skipped: /Users/cuthbert/git/music21base/music21/test/testLint.py
Skipped: /Users/cuthbert/git/music21base/music21/test/testInstallation.py
Skipped: /Users/cuthbert/git/music21base/music21/test/testExternal.py
Skipped: /Users/cuthbert/git/music21base/music21/test/testDefault.py
Skipped: /Users/cuthbert/git/music21base/music21/test/multiprocessTest.py
Skipped: /Users/cuthbert/git/music21base/music21/ext/xlrd/xlsx.py
Skipped: /Users/cuthbert/git/music21base/music21/ext/xlrd/xldate.py
Skipped: /Users/cuthbert/git/music21base/music21/ext/xlrd/timemachine.py
Skipped: /Users/cuthbert/git/music21base/music21/ext/xlrd/sheet.py
Skipped: /Users/cuthbert/git/music21base/music21/ext/xlrd/licences.py
Skipped: /Users/cuthbert/git/music21base/music21/ext/xlrd/info.py
Skipped: /Users/cuthbert/git/music21base/music21/ext/xlrd/formula.py
Skipped: /Users/cuthbert/git/music21base/music21/ext/xlrd/formatting.py
Skipped: /Users/cuthbert/git/music21base/music21/ext/xlrd/compdoc.py
Skipped: /Users/cuthbert/git/music21base/music21/ext/xlrd/book.py
Skipped: /Users/cuthbert/git/music21base/music21/ext/xlrd/biffh.py
Skipped: /Users/cuthbert/git/music21base/music21/ext/xlrd/__init__.py
Skipped: /Users/cuthbert/git/music21base/music21/ext/webcolors.py
Skipped: /Users/cuthbert/git/music21base/music21/ext/six.py
Skipped: /Users/cuthbert/git/music21base/music21/ext/parmap.py
Skipped: /Users/cuthbert/git/music21base/music21/ext/jsonpickle/version.py
Skipped: /Users/cuthbert/git/music21base/music21/ext/jsonpickle/util.py
Skipped: /Users/cuthbert/git/music21base/music21/ext/jsonpickle/unpickler.py
Skipped: /Users/cuthbert/git/music21base/music21/ext/jsonpickle/tags.py
Skipped: /Users/cuthbert/git/music21base/music21/ext/jsonpickle/pickler.py
Skipped: /Users/cuthbert/git/music21base/music21/ext/jsonpickle/handlers.py
Skipped: /Users/cuthbert/git/music21base/music21/ext/jsonpickle/compat.py
Skipped: /Users/cuthbert/git/music21base/music21/ext/jsonpickle/backend.py
Skipped: /Users/cuthbert/git/music21base/music21/ext/jsonpickle/_samples.py
Skipped: /Users/cuthbert/git/music21base/music21/ext/jsonpickle/__init__.py
Skipped: /Users/cuthbert/git/music21base/music21/ext/enum.py
Skipped: /Users/cuthbert/git/music21base/music21/ext/__init__.py
Skipped: /Users/cuthbert/git/music21base/music21/demos/trecento/largestAmbitus.py
Skipped: /Users/cuthbert/git/music21base/music21/demos/trecento/__init__.py
Skipped: /Users/cuthbert/git/music21base/music21/demos/smt2011.py
Skipped: /Users/cuthbert/git/music21base/music21/demos/smt2010.py
Skipped: /Users/cuthbert/git/music21base/music21/demos/seaver_presentation_2008.py
Skipped: /Users/cuthbert/git/music21base/music21/demos/seaverOct2009.py
Skipped: /Users/cuthbert/git/music21base/music21/demos/runTrecentoCadence.py
Skipped: /Users/cuthbert/git/music21base/music21/demos/nips2011.py
Skipped: /Users/cuthbert/git/music21base/music21/demos/nemcog.py
Skipped: /Users/cuthbert/git/music21base/music21/demos/monteverdi.py
Skipped: /Users/cuthbert/git/music21base/music21/demos/misc2010.py
Skipped: /Users/cuthbert/git/music21base/music21/demos/mgtaPart2.py
Skipped: /Users/cuthbert/git/music21base/music21/demos/mgtaPart1.py
Skipped: /Users/cuthbert/git/music21base/music21/demos/josquin/label_intervals.py
Skipped: /Users/cuthbert/git/music21base/music21/demos/ismir2011.py
Skipped: /Users/cuthbert/git/music21base/music21/demos/ismir2010.py
Skipped: /Users/cuthbert/git/music21base/music21/demos/icmc2011.py
Skipped: /Users/cuthbert/git/music21base/music21/demos/icmc2010.py
Skipped: /Users/cuthbert/git/music21base/music21/demos/eschbeg.py
Skipped: /Users/cuthbert/git/music21base/music21/demos/elvis_trecento_results.py
Skipped: /Users/cuthbert/git/music21base/music21/demos/elvis_trecento.py
Skipped: /Users/cuthbert/git/music21base/music21/demos/bhadley/mrjobaws/featureExtractorMRJOB.py
Skipped: /Users/cuthbert/git/music21base/music21/demos/bhadley/mrjobaws/awsutility.py
Skipped: /Users/cuthbert/git/music21base/music21/demos/bhadley/mrjobaws/__init__.py
Skipped: /Users/cuthbert/git/music21base/music21/demos/bhadley/__init__.py
Skipped: /Users/cuthbert/git/music21base/music21/demos/bhadley/HarmonyRealizer.py
Skipped: /Users/cuthbert/git/music21base/music21/demos/__init__.py
Skipped: /Users/cuthbert/git/music21base/music21/configure.py
xmlnode successfully ran 12 tests in 0 seconds
webapps_apps successfully ran 6 tests in 1 seconds
webapps_templates successfully ran 9 tests in 2 seconds
webapps___init__ successfully ran 14 tests in 0 seconds
volume successfully ran 20 tests in 0 seconds
vexflow_toMusic21j successfully ran 9 tests in 0 seconds
vexflow_indent successfully ran 3 tests in 0 seconds
voiceLeading successfully ran 64 tests in 2 seconds
vexflow___init__ successfully ran 30 tests in 1 seconds
trecento_trecentoCadence successfully ran 7 tests in 0 seconds
variant successfully ran 34 tests in 4 seconds
webapps_commands successfully ran 10 tests in 10 seconds
trecento_polyphonicSnippet successfully ran 9 tests in 1 seconds
trecento_findTrecentoFragments successfully ran 3 tests in 0 seconds
trecento_notation successfully ran 17 tests in 2 seconds
trecento_tonality successfully ran 5 tests in 7 seconds
trecento___init__ successfully ran 3 tests in 0 seconds
trecento_capua successfully ran 9 tests in 3 seconds
tinyNotation successfully ran 11 tests in 0 seconds
tie successfully ran 7 tests in 0 seconds
theoryAnalysis_theoryResult successfully ran 4 tests in 0 seconds
theoryAnalysis___init__ successfully ran 3 tests in 0 seconds
trecento_cadencebook successfully ran 23 tests in 11 seconds
text successfully ran 23 tests in 12 seconds
theoryAnalysis_theoryAnalyzer successfully ran 43 tests in 13 seconds
test___init__ successfully ran 3 tests in 0 seconds
tempo successfully ran 45 tests in 0 seconds
stream_timespanNode successfully ran 11 tests in 0 seconds
stream_timespanAnalysis successfully ran 20 tests in 4 seconds
stream_streamStatus successfully ran 5 tests in 0 seconds
stream_makeNotation successfully ran 10 tests in 0 seconds
stream_timespans successfully ran 51 tests in 10 seconds
spanner successfully ran 53 tests in 2 seconds
sites successfully ran 26 tests in 1 seconds
sieve successfully ran 40 tests in 0 seconds
stream___init__ successfully ran 142 tests in 8 seconds
serial successfully ran 47 tests in 7 seconds
search_segment successfully ran 7 tests in 16 seconds
search___init__ successfully ran 19 tests in 16 seconds
scala_scl___init__ successfully ran 3 tests in 0 seconds
scala___init__ successfully ran 12 tests in 0 seconds
romanText_testFiles successfully ran 4 tests in 0 seconds
romanText___init__ successfully ran 45 tests in 0 seconds
test_testStream successfully ran 206 tests in 59 seconds
roman successfully ran 30 tests in 10 seconds
pitch successfully ran 94 tests in 1 seconds
omr_evaluators successfully ran 8 tests in 6 seconds
omr_correctors successfully ran 24 tests in 2 seconds
omr___init__ successfully ran 3 tests in 0 seconds
noteworthy_translate successfully ran 21 tests in 0 seconds
noteworthy_binaryTranslate successfully ran 7 tests in 0 seconds
noteworthy___init__ successfully ran 3 tests in 0 seconds
romanText_clercqTemperley successfully ran 19 tests in 32 seconds
note successfully ran 49 tests in 2 seconds
repeat successfully ran 72 tests in 22 seconds
musicxml_toMxObjects successfully ran 38 tests in 0 seconds
musicxml_mxObjects successfully ran 45 tests in 1 seconds
musicxml_xmlHandler successfully ran 13 tests in 4 seconds
musicxml_testPrimitive successfully ran 5 tests in 4 seconds
musicxml___init__ successfully ran 3 tests in 0 seconds
musedata_base40 successfully ran 9 tests in 0 seconds
musedata___init__ successfully ran 49 tests in 3 seconds
musicxml_m21ToString successfully ran 45 tests in 10 seconds
midi_realtime successfully ran 4 tests in 0 seconds
midi_percussion successfully ran 7 tests in 0 seconds
midi_translate successfully ran 49 tests in 6 seconds
musicxml_fromMxObjects successfully ran 65 tests in 13 seconds
metadata_primitives successfully ran 38 tests in 0 seconds
midi___init__ successfully ran 29 tests in 3 seconds
meter successfully ran 108 tests in 2 seconds
metadata___init__ successfully ran 18 tests in 0 seconds
medren successfully ran 30 tests in 4 seconds
lily_translate successfully ran 32 tests in 3 seconds
lily_lilyObjects successfully ran 14 tests in 0 seconds
lily___init__ successfully ran 3 tests in 0 seconds
metadata_caching successfully ran 6 tests in 17 seconds
languageExcerpts_naturalLanguageObjects successfully ran 9 tests in 0 seconds
languageExcerpts_instrumentLookup successfully ran 3 tests in 0 seconds
languageExcerpts___init__ successfully ran 3 tests in 0 seconds
key successfully ran 21 tests in 2 seconds
ipython21_objects successfully ran 3 tests in 0 seconds
ipython21_ipExtension successfully ran 3 tests in 0 seconds
ipython21___init__ successfully ran 3 tests in 0 seconds
intervalNetwork successfully ran 57 tests in 3 seconds
interval successfully ran 56 tests in 0 seconds
instrument successfully ran 23 tests in 1 seconds
humdrum_testFiles successfully ran 3 tests in 0 seconds
layout successfully ran 22 tests in 20 seconds
humdrum_instruments successfully ran 8 tests in 1 seconds
humdrum___init__ successfully ran 3 tests in 0 seconds
humdrum_spineParser successfully ran 32 tests in 5 seconds
harmony successfully ran 28 tests in 10 seconds
metadata_bundles successfully ran 34 tests in 46 seconds
figuredBass_segment successfully ran 16 tests in 3 seconds
figuredBass_rules successfully ran 5 tests in 0 seconds
figuredBass_resolution successfully ran 17 tests in 2 seconds
figuredBass_realizerScale successfully ran 9 tests in 0 seconds
freezeThaw successfully ran 30 tests in 20 seconds
figuredBass_possibility successfully ran 20 tests in 0 seconds
figuredBass_notation successfully ran 15 tests in 0 seconds
figuredBass_realizer successfully ran 12 tests in 11 seconds
figuredBass_checker successfully ran 16 tests in 2 seconds
figuredBass___init__ successfully ran 3 tests in 0 seconds
graph successfully ran 63 tests in 63 seconds
figuredBass_examples successfully ran 15 tests in 72 seconds
features_jSymbolic successfully ran 86 tests in 39 seconds
features___init__ successfully ran 8 tests in 2 seconds
expressions successfully ran 26 tests in 1 seconds
exceptions21 successfully ran 3 tests in 0 seconds
environment successfully ran 31 tests in 0 seconds
editorial successfully ran 10 tests in 0 seconds
dynamics successfully ran 15 tests in 1 seconds
duration successfully ran 70 tests in 2 seconds
documentation_library_writers successfully ran 3 tests in 0 seconds
features_base successfully ran 27 tests in 12 seconds
documentation_library_iterators successfully ran 6 tests in 3 seconds
documentation_library_cleaners successfully ran 3 tests in 0 seconds
documentation_library___init__ successfully ran 3 tests in 0 seconds
documentation___init__ successfully ran 3 tests in 0 seconds
documentation_library_documenters successfully ran 28 tests in 2 seconds
defaults successfully ran 4 tests in 0 seconds
counterpoint_species successfully ran 27 tests in 0 seconds
derivation successfully ran 8 tests in 2 seconds
counterpoint___init__ successfully ran 3 tests in 0 seconds
corpus_virtual successfully ran 5 tests in 0 seconds
corpus_chorales successfully ran 9 tests in 1 seconds
corpus_corpora successfully ran 28 tests in 15 seconds
converter_subConverters successfully ran 10 tests in 1 seconds
features_native successfully ran 25 tests in 104 seconds
corpus___init__ successfully ran 17 tests in 16 seconds
composition_seeger successfully ran 3 tests in 0 seconds
composition_phasing successfully ran 5 tests in 9 seconds
converter___init__ successfully ran 40 tests in 11 seconds
composition_aug30 successfully ran 3 tests in 0 seconds
composition___init__ successfully ran 3 tests in 0 seconds
clef successfully ran 28 tests in 0 seconds
common successfully ran 61 tests in 1 seconds
chordTables successfully ran 17 tests in 0 seconds
contour successfully ran 10 tests in 12 seconds
chant successfully ran 12 tests in 0 seconds
capella_fromCapellaXML successfully ran 20 tests in 0 seconds
capella___init__ successfully ran 3 tests in 0 seconds
braille_translate successfully ran 7 tests in 0 seconds
braille_text successfully ran 4 tests in 0 seconds
braille_segment successfully ran 11 tests in 1 seconds
braille_lookup successfully ran 3 tests in 0 seconds
chord successfully ran 108 tests in 7 seconds
braille_basic successfully ran 24 tests in 0 seconds
braille___init__ successfully ran 3 tests in 0 seconds
braille_examples successfully ran 5 tests in 4 seconds
beam successfully ran 15 tests in 0 seconds
bar successfully ran 9 tests in 0 seconds
base successfully ran 86 tests in 3 seconds
audioSearch_transcriber successfully ran 4 tests in 2 seconds
audioSearch_recording successfully ran 4 tests in 0 seconds
audioSearch_omrfollow successfully ran 3 tests in 0 seconds
articulations successfully ran 26 tests in 0 seconds
audioSearch___init__ successfully ran 19 tests in 7 seconds
analysis_search successfully ran 4 tests in 2 seconds
braille_test successfully ran 151 tests in 26 seconds
analysis_reduceChordsOld successfully ran 7 tests in 0 seconds
analysis_reduceChords successfully ran 7 tests in 0 seconds
analysis_windowed successfully ran 9 tests in 16 seconds
analysis_patel successfully ran 6 tests in 1 seconds
analysis_metrical successfully ran 6 tests in 0 seconds
analysis_neoRiemannian successfully ran 10 tests in 1 seconds
analysis_reduction successfully ran 15 tests in 10 seconds
analysis___init__ successfully ran 3 tests in 0 seconds
analysis_correlate successfully ran 6 tests in 4 seconds
analysis_discrete successfully ran 31 tests in 5 seconds
abcFormat___init__ successfully ran 53 tests in 1 seconds
_version successfully ran 3 tests in 0 seconds
abcFormat_translate successfully ran 18 tests in 7 seconds
abcFormat_testFiles successfully ran 5 tests in 10 seconds
Not in Tree Error: test.timeGraphImportStar is in the music21 directory but not imported in music21. Skipped -- fix! 
Not in Tree Error: test.testSerialization is in the music21 directory but not imported in music21. Skipped -- fix! 
Not in Tree Error: test.testDocumentation is in the music21 directory but not imported in music21. Skipped -- fix! 
Not in Tree Error: test.testDocs.test is in the music21 directory but not imported in music21. Skipped -- fix! 
Not in Tree Error: test.testDocs.conf is in the music21 directory but not imported in music21. Skipped -- fix! 
Not in Tree Error: test.testDocs is in the music21 directory but not imported in music21. Skipped -- fix! 
Not in Tree Error: test.testCoverage is in the music21 directory but not imported in music21. Skipped -- fix! 
Not in Tree Error: test.mptCurses is in the music21 directory but not imported in music21. Skipped -- fix! 
Not in Tree Error: test.memoryUsage is in the music21 directory but not imported in music21. Skipped -- fix! 
Not in Tree Error: test.dedent is in the music21 directory but not imported in music21. Skipped -- fix! 
Not in Tree Error: romanText.translate is in the music21 directory but not imported in music21. Skipped -- fix! 
Not in Tree Error: musicxml.testFiles is in the music21 directory but not imported in music21. Skipped -- fix! 
Not in Tree Error: musedata.translate is in the music21 directory but not imported in music21. Skipped -- fix! 
Not in Tree Error: musedata.testPrimitive.test03 is in the music21 directory but not imported in music21. Skipped -- fix! 
Not in Tree Error: musedata.testPrimitive.test02 is in the music21 directory but not imported in music21. Skipped -- fix! 
Not in Tree Error: musedata.testPrimitive.test01 is in the music21 directory but not imported in music21. Skipped -- fix! 
Not in Tree Error: musedata.testPrimitive is in the music21 directory but not imported in music21. Skipped -- fix! 
Not in Tree Error: musedata.testFiles is in the music21 directory but not imported in music21. Skipped -- fix! 
Not in Tree Error: metadata.testMetadata is in the music21 directory but not imported in music21. Skipped -- fix! 
Not in Tree Error: ipython21.ipyJSapp is in the music21 directory but not imported in music21. Skipped -- fix! 
Not in Tree Error: humdrum.questions is in the music21 directory but not imported in music21. Skipped -- fix! 
Not in Tree Error: humdrum.canonicalOutput is in the music21 directory but not imported in music21. Skipped -- fix! 
Not in Tree Error: documentation.upload is in the music21 directory but not imported in music21. Skipped -- fix! 
Not in Tree Error: documentation.source.conf is in the music21 directory but not imported in music21. Skipped -- fix! 
Not in Tree Error: documentation.make is in the music21 directory but not imported in music21. Skipped -- fix! 
Not in Tree Error: documentation.library.extensions is in the music21 directory but not imported in music21. Skipped -- fix! 
Not in Tree Error: corpus.testCorpus is in the music21 directory but not imported in music21. Skipped -- fix! 
Not in Tree Error: audioSearch.scores is in the music21 directory but not imported in music21. Skipped -- fix! 
Not in Tree Error: audioSearch.scoreFollower is in the music21 directory but not imported in music21. Skipped -- fix! 
Not in Tree Error: audioSearch.repetitionGame is in the music21 directory but not imported in music21. Skipped -- fix! 
Not in Tree Error: audioSearch.humanVScomputer is in the music21 directory but not imported in music21. Skipped -- fix! 
Not in Tree Error: audioSearch.graphicalInterfaceTranscriber is in the music21 directory but not imported in music21. Skipped -- fix! 
Not in Tree Error: audioSearch.graphicalInterfaceSF is in the music21 directory but not imported in music21. Skipped -- fix! 
Not in Tree Error: audioSearch.graphicalInterfaceGame is in the music21 directory but not imported in music21. Skipped -- fix! 
Not in Tree Error: analysis.phrasing is in the music21 directory but not imported in music21. Skipped -- fix! 
Not in Tree Error:  is in the music21 directory but not imported in music21. Skipped -- fix! 

-----------------------------
scale had 1 ERRORS and 0 FAILURES in 90 tests after 17 seconds:
-----------------------------

Traceback (most recent call last):
  File "/Users/cuthbert/git/music21base/music21/scale.py", line 3655, in testWeightedHexatonicBluesA
    self.assertEqual(str(sc.next('f#3', 'ascending')) in ['G3', 'F#3'], True)
  File "/Users/cuthbert/git/music21base/music21/scale.py", line 2030, in next
    getNeighbor=getNeighbor
  File "/Users/cuthbert/git/music21base/music21/scale.py", line 540, in nextPitch
    getNeighbor = getNeighbor
  File "/Users/cuthbert/git/music21base/music21/intervalNetwork.py", line 1235, in nextPitch
    p.octave = pitchOrigin.octave
AttributeError: 'NoneType' object has no attribute 'octave'

-------------------------------------------------------------------------
Ran 4017 tests in 355.5287 seconds
Run at 2014-12-20 15:30:37